[debug] [2025-11-11T15:11:51.928Z] ----------------------------------------------------------------------
[debug] [2025-11-11T15:11:51.932Z] Command:       C:\Program Files\nodejs\node.exe C:\Users\BencsBalázs\AppData\Roaming\npm\node_modules\firebase-tools\lib\bin\firebase.js deploy --only hosting,functions
[debug] [2025-11-11T15:11:51.933Z] CLI Version:   14.24.0
[debug] [2025-11-11T15:11:51.933Z] Platform:      win32
[debug] [2025-11-11T15:11:51.933Z] Node Version:  v22.14.0
[debug] [2025-11-11T15:11:51.933Z] Time:          Tue Nov 11 2025 16:11:51 GMT+0100 (Central European Standard Time)
[debug] [2025-11-11T15:11:51.933Z] ----------------------------------------------------------------------
[debug] 
[debug] [2025-11-11T15:11:52.051Z] Object "" in "firebase.json" has unknown property: {"additionalProperty":"rewrites"}
[debug] [2025-11-11T15:11:52.055Z] > command requires scopes: ["email","openid","https://www.googleapis.com/auth/cloudplatformprojects.readonly","https://www.googleapis.com/auth/firebase","https://www.googleapis.com/auth/cloud-platform"]
[debug] [2025-11-11T15:11:52.055Z] > authorizing via signed-in user (bencsbalazs@gmail.com)
[debug] [2025-11-11T15:11:52.055Z] [iam] checking project portfolio-page-477315 for permissions ["cloudfunctions.functions.create","cloudfunctions.functions.delete","cloudfunctions.functions.get","cloudfunctions.functions.list","cloudfunctions.functions.update","cloudfunctions.operations.get","firebase.projects.get","firebasehosting.sites.update"]
[debug] [2025-11-11T15:11:52.056Z] Checked if tokens are valid: false, expires at: 1762865224857
[debug] [2025-11-11T15:11:52.056Z] Checked if tokens are valid: false, expires at: 1762865224857
[debug] [2025-11-11T15:11:52.056Z] > refreshing access token with scopes: []
[debug] [2025-11-11T15:11:52.057Z] >>> [apiv2][query] POST https://www.googleapis.com/oauth2/v3/token [none]
[debug] [2025-11-11T15:11:52.057Z] >>> [apiv2][body] POST https://www.googleapis.com/oauth2/v3/token [omitted]
[debug] [2025-11-11T15:11:52.201Z] <<< [apiv2][status] POST https://www.googleapis.com/oauth2/v3/token 200
[debug] [2025-11-11T15:11:52.201Z] <<< [apiv2][body] POST https://www.googleapis.com/oauth2/v3/token [omitted]
[debug] [2025-11-11T15:11:52.221Z] >>> [apiv2][query] POST https://cloudresourcemanager.googleapis.com/v1/projects/portfolio-page-477315:testIamPermissions [none]
[debug] [2025-11-11T15:11:52.221Z] >>> [apiv2][(partial)header] POST https://cloudresourcemanager.googleapis.com/v1/projects/portfolio-page-477315:testIamPermissions x-goog-quota-user=projects/portfolio-page-477315
[debug] [2025-11-11T15:11:52.221Z] >>> [apiv2][body] POST https://cloudresourcemanager.googleapis.com/v1/projects/portfolio-page-477315:testIamPermissions {"permissions":["cloudfunctions.functions.create","cloudfunctions.functions.delete","cloudfunctions.functions.get","cloudfunctions.functions.list","cloudfunctions.functions.update","cloudfunctions.operations.get","firebase.projects.get","firebasehosting.sites.update"]}
[debug] [2025-11-11T15:11:53.019Z] <<< [apiv2][status] POST https://cloudresourcemanager.googleapis.com/v1/projects/portfolio-page-477315:testIamPermissions 200
[debug] [2025-11-11T15:11:53.020Z] <<< [apiv2][body] POST https://cloudresourcemanager.googleapis.com/v1/projects/portfolio-page-477315:testIamPermissions {"permissions":["cloudfunctions.functions.create","cloudfunctions.functions.delete","cloudfunctions.functions.get","cloudfunctions.functions.list","cloudfunctions.functions.update","cloudfunctions.operations.get","firebase.projects.get","firebasehosting.sites.update"]}
[debug] [2025-11-11T15:11:53.020Z] Checked if tokens are valid: true, expires at: 1762877511201
[debug] [2025-11-11T15:11:53.021Z] Checked if tokens are valid: true, expires at: 1762877511201
[debug] [2025-11-11T15:11:53.021Z] >>> [apiv2][query] POST https://iam.googleapis.com/v1/projects/portfolio-page-477315/serviceAccounts/portfolio-page-477315@appspot.gserviceaccount.com:testIamPermissions [none]
[debug] [2025-11-11T15:11:53.021Z] >>> [apiv2][body] POST https://iam.googleapis.com/v1/projects/portfolio-page-477315/serviceAccounts/portfolio-page-477315@appspot.gserviceaccount.com:testIamPermissions {"permissions":["iam.serviceAccounts.actAs"]}
[debug] [2025-11-11T15:11:53.810Z] <<< [apiv2][status] POST https://iam.googleapis.com/v1/projects/portfolio-page-477315/serviceAccounts/portfolio-page-477315@appspot.gserviceaccount.com:testIamPermissions 404
[debug] [2025-11-11T15:11:53.810Z] <<< [apiv2][body] POST https://iam.googleapis.com/v1/projects/portfolio-page-477315/serviceAccounts/portfolio-page-477315@appspot.gserviceaccount.com:testIamPermissions {"error":{"code":404,"message":"Unknown service account","status":"NOT_FOUND"}}
[debug] [2025-11-11T15:11:53.811Z] [functions] service account IAM check errored, deploy may fail: Request to https://iam.googleapis.com/v1/projects/portfolio-page-477315/serviceAccounts/portfolio-page-477315@appspot.gserviceaccount.com:testIamPermissions had HTTP Error: 404, Unknown service account {"name":"FirebaseError","children":[],"context":{"body":{"error":{"code":404,"message":"Unknown service account","status":"NOT_FOUND"}},"response":{"statusCode":404}},"exit":1,"message":"Request to https://iam.googleapis.com/v1/projects/portfolio-page-477315/serviceAccounts/portfolio-page-477315@appspot.gserviceaccount.com:testIamPermissions had HTTP Error: 404, Unknown service account","status":404}
[debug] [2025-11-11T15:11:53.811Z] Checked if tokens are valid: true, expires at: 1762877511201
[debug] [2025-11-11T15:11:53.811Z] Checked if tokens are valid: true, expires at: 1762877511201
[debug] [2025-11-11T15:11:53.812Z] >>> [apiv2][query] GET https://firebase.googleapis.com/v1beta1/projects/portfolio-page-477315 [none]
[debug] [2025-11-11T15:11:54.316Z] <<< [apiv2][status] GET https://firebase.googleapis.com/v1beta1/projects/portfolio-page-477315 200
[debug] [2025-11-11T15:11:54.316Z] <<< [apiv2][body] GET https://firebase.googleapis.com/v1beta1/projects/portfolio-page-477315 {"projectId":"portfolio-page-477315","projectNumber":"1021576013555","displayName":"Portfolio page","name":"projects/portfolio-page-477315","resources":{"hostingSite":"portfolio-page-477315"},"state":"ACTIVE","etag":"1_e832361d-4a6a-4bec-9476-24273472d91f"}
[info] 
[info] === Deploying to 'portfolio-page-477315'...
[info] 
[info] i  deploying functions, hosting 
[debug] [2025-11-11T15:11:54.323Z] Checked if tokens are valid: true, expires at: 1762877511201
[debug] [2025-11-11T15:11:54.323Z] Checked if tokens are valid: true, expires at: 1762877511201
[debug] [2025-11-11T15:11:54.324Z] >>> [apiv2][query] GET https://serviceusage.googleapis.com/v1/projects/portfolio-page-477315/services/cloudresourcemanager.googleapis.com [none]
[debug] [2025-11-11T15:11:54.324Z] >>> [apiv2][(partial)header] GET https://serviceusage.googleapis.com/v1/projects/portfolio-page-477315/services/cloudresourcemanager.googleapis.com x-goog-quota-user=projects/portfolio-page-477315
[debug] [2025-11-11T15:11:55.315Z] <<< [apiv2][status] GET https://serviceusage.googleapis.com/v1/projects/portfolio-page-477315/services/cloudresourcemanager.googleapis.com 200
[debug] [2025-11-11T15:11:55.315Z] <<< [apiv2][body] GET https://serviceusage.googleapis.com/v1/projects/portfolio-page-477315/services/cloudresourcemanager.googleapis.com [omitted]
[debug] [2025-11-11T15:11:55.326Z] Checked if tokens are valid: true, expires at: 1762877511201
[debug] [2025-11-11T15:11:55.326Z] Checked if tokens are valid: true, expires at: 1762877511201
[debug] [2025-11-11T15:11:55.326Z] >>> [apiv2][query] GET https://cloudresourcemanager.googleapis.com/v1/projects/portfolio-page-477315 [none]
[debug] [2025-11-11T15:11:55.535Z] <<< [apiv2][status] GET https://cloudresourcemanager.googleapis.com/v1/projects/portfolio-page-477315 200
[debug] [2025-11-11T15:11:55.535Z] <<< [apiv2][body] GET https://cloudresourcemanager.googleapis.com/v1/projects/portfolio-page-477315 {"projectNumber":"1021576013555","projectId":"portfolio-page-477315","lifecycleState":"ACTIVE","name":"Portfolio page","labels":{"firebase":"enabled","firebase-core":"disabled"},"createTime":"2025-11-05T15:00:24.337030Z"}
[info] i  functions: preparing codebase default for deployment 
[info] i  functions: ensuring required API cloudfunctions.googleapis.com is enabled... 
[debug] [2025-11-11T15:11:55.538Z] Checked if tokens are valid: true, expires at: 1762877511201
[debug] [2025-11-11T15:11:55.539Z] Checked if tokens are valid: true, expires at: 1762877511201
[debug] [2025-11-11T15:11:55.539Z] Checked if tokens are valid: true, expires at: 1762877511201
[debug] [2025-11-11T15:11:55.539Z] Checked if tokens are valid: true, expires at: 1762877511201
[info] i  functions: ensuring required API cloudbuild.googleapis.com is enabled... 
[debug] [2025-11-11T15:11:55.540Z] Checked if tokens are valid: true, expires at: 1762877511201
[debug] [2025-11-11T15:11:55.540Z] Checked if tokens are valid: true, expires at: 1762877511201
[info] i  artifactregistry: ensuring required API artifactregistry.googleapis.com is enabled... 
[debug] [2025-11-11T15:11:55.541Z] Checked if tokens are valid: true, expires at: 1762877511201
[debug] [2025-11-11T15:11:55.541Z] Checked if tokens are valid: true, expires at: 1762877511201
[debug] [2025-11-11T15:11:55.541Z] >>> [apiv2][query] GET https://serviceusage.googleapis.com/v1/projects/portfolio-page-477315/services/cloudfunctions.googleapis.com [none]
[debug] [2025-11-11T15:11:55.541Z] >>> [apiv2][(partial)header] GET https://serviceusage.googleapis.com/v1/projects/portfolio-page-477315/services/cloudfunctions.googleapis.com x-goog-quota-user=projects/portfolio-page-477315
[debug] [2025-11-11T15:11:55.542Z] >>> [apiv2][query] GET https://serviceusage.googleapis.com/v1/projects/portfolio-page-477315/services/runtimeconfig.googleapis.com [none]
[debug] [2025-11-11T15:11:55.542Z] >>> [apiv2][(partial)header] GET https://serviceusage.googleapis.com/v1/projects/portfolio-page-477315/services/runtimeconfig.googleapis.com x-goog-quota-user=projects/portfolio-page-477315
[debug] [2025-11-11T15:11:55.545Z] >>> [apiv2][query] GET https://serviceusage.googleapis.com/v1/projects/portfolio-page-477315/services/cloudbuild.googleapis.com [none]
[debug] [2025-11-11T15:11:55.545Z] >>> [apiv2][(partial)header] GET https://serviceusage.googleapis.com/v1/projects/portfolio-page-477315/services/cloudbuild.googleapis.com x-goog-quota-user=projects/portfolio-page-477315
[debug] [2025-11-11T15:11:55.548Z] >>> [apiv2][query] GET https://serviceusage.googleapis.com/v1/projects/portfolio-page-477315/services/artifactregistry.googleapis.com [none]
[debug] [2025-11-11T15:11:55.548Z] >>> [apiv2][(partial)header] GET https://serviceusage.googleapis.com/v1/projects/portfolio-page-477315/services/artifactregistry.googleapis.com x-goog-quota-user=projects/portfolio-page-477315
[debug] [2025-11-11T15:11:55.886Z] <<< [apiv2][status] GET https://serviceusage.googleapis.com/v1/projects/portfolio-page-477315/services/cloudfunctions.googleapis.com 200
[debug] [2025-11-11T15:11:55.886Z] <<< [apiv2][body] GET https://serviceusage.googleapis.com/v1/projects/portfolio-page-477315/services/cloudfunctions.googleapis.com [omitted]
[warn] !  functions: missing required API cloudfunctions.googleapis.com. Enabling now... 
[debug] [2025-11-11T15:11:55.887Z] Checked if tokens are valid: true, expires at: 1762877511201
[debug] [2025-11-11T15:11:55.887Z] Checked if tokens are valid: true, expires at: 1762877511201
[debug] [2025-11-11T15:11:55.887Z] >>> [apiv2][query] POST https://serviceusage.googleapis.com/v1/projects/portfolio-page-477315/services/cloudfunctions.googleapis.com:enable [none]
[debug] [2025-11-11T15:11:55.887Z] >>> [apiv2][(partial)header] POST https://serviceusage.googleapis.com/v1/projects/portfolio-page-477315/services/cloudfunctions.googleapis.com:enable x-goog-quota-user=projects/portfolio-page-477315
[debug] [2025-11-11T15:11:56.461Z] <<< [apiv2][status] GET https://serviceusage.googleapis.com/v1/projects/portfolio-page-477315/services/runtimeconfig.googleapis.com 200
[debug] [2025-11-11T15:11:56.461Z] <<< [apiv2][body] GET https://serviceusage.googleapis.com/v1/projects/portfolio-page-477315/services/runtimeconfig.googleapis.com [omitted]
[debug] [2025-11-11T15:11:56.492Z] <<< [apiv2][status] GET https://serviceusage.googleapis.com/v1/projects/portfolio-page-477315/services/artifactregistry.googleapis.com 200
[debug] [2025-11-11T15:11:56.492Z] <<< [apiv2][body] GET https://serviceusage.googleapis.com/v1/projects/portfolio-page-477315/services/artifactregistry.googleapis.com [omitted]
[info] +  artifactregistry: required API artifactregistry.googleapis.com is enabled 
[debug] [2025-11-11T15:11:56.539Z] <<< [apiv2][status] GET https://serviceusage.googleapis.com/v1/projects/portfolio-page-477315/services/cloudbuild.googleapis.com 200
[debug] [2025-11-11T15:11:56.539Z] <<< [apiv2][body] GET https://serviceusage.googleapis.com/v1/projects/portfolio-page-477315/services/cloudbuild.googleapis.com [omitted]
[info] +  functions: required API cloudbuild.googleapis.com is enabled 
[debug] [2025-11-11T15:11:57.017Z] <<< [apiv2][status] POST https://serviceusage.googleapis.com/v1/projects/portfolio-page-477315/services/cloudfunctions.googleapis.com:enable 200
[debug] [2025-11-11T15:11:57.018Z] <<< [apiv2][body] POST https://serviceusage.googleapis.com/v1/projects/portfolio-page-477315/services/cloudfunctions.googleapis.com:enable [omitted]
[debug] [2025-11-11T15:12:07.047Z] Checked if tokens are valid: true, expires at: 1762877511201
[debug] [2025-11-11T15:12:07.048Z] Checked if tokens are valid: true, expires at: 1762877511201
[debug] [2025-11-11T15:12:07.048Z] >>> [apiv2][query] GET https://firebase.googleapis.com/v1beta1/projects/portfolio-page-477315/adminSdkConfig [none]
[debug] [2025-11-11T15:12:07.564Z] <<< [apiv2][status] GET https://firebase.googleapis.com/v1beta1/projects/portfolio-page-477315/adminSdkConfig 200
[debug] [2025-11-11T15:12:07.565Z] <<< [apiv2][body] GET https://firebase.googleapis.com/v1beta1/projects/portfolio-page-477315/adminSdkConfig {"projectId":"portfolio-page-477315","storageBucket":"portfolio-page-477315.firebasestorage.app"}
[debug] [2025-11-11T15:12:07.566Z] Checked if tokens are valid: true, expires at: 1762877511201
[debug] [2025-11-11T15:12:07.566Z] Checked if tokens are valid: true, expires at: 1762877511201
[debug] [2025-11-11T15:12:07.566Z] >>> [apiv2][query] GET https://runtimeconfig.googleapis.com/v1beta1/projects/portfolio-page-477315/configs [none]
[debug] [2025-11-11T15:12:07.930Z] <<< [apiv2][status] GET https://runtimeconfig.googleapis.com/v1beta1/projects/portfolio-page-477315/configs 200
[debug] [2025-11-11T15:12:07.931Z] <<< [apiv2][body] GET https://runtimeconfig.googleapis.com/v1beta1/projects/portfolio-page-477315/configs {}
[debug] [2025-11-11T15:12:07.933Z] Customer code is not Node
[debug] [2025-11-11T15:12:07.934Z] Validating python source
[debug] [2025-11-11T15:12:07.934Z] Building python source
[info] i  functions: Loading and analyzing source code for codebase default to determine what to deploy 
[debug] [2025-11-11T15:12:07.936Z] Could not find functions.yaml. Must use http discovery
[debug] [2025-11-11T15:12:07.946Z] Running command with virtualenv: command="C:\Users\BencsBalázs\Projects\bencsbalazs.github.io\backend\venv\Scripts\activate.bat", args=["","&&","python.exe","-c","\"import firebase_functions; import os; print(os.path.dirname(firebase_functions.__file__))\""]
[debug] [2025-11-11T15:12:08.152Z] stderr: Traceback (most recent call last):

[debug] [2025-11-11T15:12:08.157Z] stderr:   File "<string>", line 1, in <module>
    import firebase_functions; import os; print(os.path.dirname(firebase_functions.__file__))
    ^^^^^^^^^^^^^^^^^^^^^^^^^
ModuleNotFoundError: No module named 'firebase_functions'

[debug] [2025-11-11T15:12:08.250Z] Error: spawn "C:\Users\BencsBalázs\Projects\bencsbalazs.github.io\backend\venv\Scripts\activate.bat" ENOENT
    at notFoundError (C:\Users\BencsBalázs\AppData\Roaming\npm\node_modules\firebase-tools\node_modules\cross-spawn\lib\enoent.js:6:26)
    at verifyENOENT (C:\Users\BencsBalázs\AppData\Roaming\npm\node_modules\firebase-tools\node_modules\cross-spawn\lib\enoent.js:40:16)
    at cp.emit (C:\Users\BencsBalázs\AppData\Roaming\npm\node_modules\firebase-tools\node_modules\cross-spawn\lib\enoent.js:27:25)
    at ChildProcess._handle.onexit (node:internal/child_process:293:12)
[error] 
[error] Error: An unexpected error has occurred.
[debug] [2025-11-11T15:13:32.394Z] ----------------------------------------------------------------------
[debug] [2025-11-11T15:13:32.396Z] Command:       C:\Program Files\nodejs\node.exe C:\Users\BencsBalázs\AppData\Roaming\npm\node_modules\firebase-tools\lib\bin\firebase.js deploy --only hosting,functions
[debug] [2025-11-11T15:13:32.396Z] CLI Version:   14.24.0
[debug] [2025-11-11T15:13:32.396Z] Platform:      win32
[debug] [2025-11-11T15:13:32.396Z] Node Version:  v22.14.0
[debug] [2025-11-11T15:13:32.396Z] Time:          Tue Nov 11 2025 16:13:32 GMT+0100 (Central European Standard Time)
[debug] [2025-11-11T15:13:32.396Z] ----------------------------------------------------------------------
[debug] 
[debug] [2025-11-11T15:13:32.514Z] Object "" in "firebase.json" has unknown property: {"additionalProperty":"rewrites"}
[debug] [2025-11-11T15:13:32.516Z] > command requires scopes: ["email","openid","https://www.googleapis.com/auth/cloudplatformprojects.readonly","https://www.googleapis.com/auth/firebase","https://www.googleapis.com/auth/cloud-platform"]
[debug] [2025-11-11T15:13:32.516Z] > authorizing via signed-in user (bencsbalazs@gmail.com)
[debug] [2025-11-11T15:13:32.516Z] [iam] checking project portfolio-page-477315 for permissions ["cloudfunctions.functions.create","cloudfunctions.functions.delete","cloudfunctions.functions.get","cloudfunctions.functions.list","cloudfunctions.functions.update","cloudfunctions.operations.get","firebase.projects.get","firebasehosting.sites.update"]
[debug] [2025-11-11T15:13:32.517Z] Checked if tokens are valid: true, expires at: 1762877511201
[debug] [2025-11-11T15:13:32.517Z] Checked if tokens are valid: true, expires at: 1762877511201
[debug] [2025-11-11T15:13:32.518Z] >>> [apiv2][query] POST https://cloudresourcemanager.googleapis.com/v1/projects/portfolio-page-477315:testIamPermissions [none]
[debug] [2025-11-11T15:13:32.518Z] >>> [apiv2][(partial)header] POST https://cloudresourcemanager.googleapis.com/v1/projects/portfolio-page-477315:testIamPermissions x-goog-quota-user=projects/portfolio-page-477315
[debug] [2025-11-11T15:13:32.518Z] >>> [apiv2][body] POST https://cloudresourcemanager.googleapis.com/v1/projects/portfolio-page-477315:testIamPermissions {"permissions":["cloudfunctions.functions.create","cloudfunctions.functions.delete","cloudfunctions.functions.get","cloudfunctions.functions.list","cloudfunctions.functions.update","cloudfunctions.operations.get","firebase.projects.get","firebasehosting.sites.update"]}
[debug] [2025-11-11T15:13:33.310Z] <<< [apiv2][status] POST https://cloudresourcemanager.googleapis.com/v1/projects/portfolio-page-477315:testIamPermissions 200
[debug] [2025-11-11T15:13:33.310Z] <<< [apiv2][body] POST https://cloudresourcemanager.googleapis.com/v1/projects/portfolio-page-477315:testIamPermissions {"permissions":["cloudfunctions.functions.create","cloudfunctions.functions.delete","cloudfunctions.functions.get","cloudfunctions.functions.list","cloudfunctions.functions.update","cloudfunctions.operations.get","firebase.projects.get","firebasehosting.sites.update"]}
[debug] [2025-11-11T15:13:33.311Z] Checked if tokens are valid: true, expires at: 1762877511201
[debug] [2025-11-11T15:13:33.311Z] Checked if tokens are valid: true, expires at: 1762877511201
[debug] [2025-11-11T15:13:33.311Z] >>> [apiv2][query] POST https://iam.googleapis.com/v1/projects/portfolio-page-477315/serviceAccounts/portfolio-page-477315@appspot.gserviceaccount.com:testIamPermissions [none]
[debug] [2025-11-11T15:13:33.311Z] >>> [apiv2][body] POST https://iam.googleapis.com/v1/projects/portfolio-page-477315/serviceAccounts/portfolio-page-477315@appspot.gserviceaccount.com:testIamPermissions {"permissions":["iam.serviceAccounts.actAs"]}
[debug] [2025-11-11T15:13:34.065Z] <<< [apiv2][status] POST https://iam.googleapis.com/v1/projects/portfolio-page-477315/serviceAccounts/portfolio-page-477315@appspot.gserviceaccount.com:testIamPermissions 200
[debug] [2025-11-11T15:13:34.065Z] <<< [apiv2][body] POST https://iam.googleapis.com/v1/projects/portfolio-page-477315/serviceAccounts/portfolio-page-477315@appspot.gserviceaccount.com:testIamPermissions {"permissions":["iam.serviceAccounts.actAs"]}
[debug] [2025-11-11T15:13:34.066Z] Checked if tokens are valid: true, expires at: 1762877511201
[debug] [2025-11-11T15:13:34.066Z] Checked if tokens are valid: true, expires at: 1762877511201
[debug] [2025-11-11T15:13:34.066Z] >>> [apiv2][query] GET https://firebase.googleapis.com/v1beta1/projects/portfolio-page-477315 [none]
[debug] [2025-11-11T15:13:34.558Z] <<< [apiv2][status] GET https://firebase.googleapis.com/v1beta1/projects/portfolio-page-477315 200
[debug] [2025-11-11T15:13:34.559Z] <<< [apiv2][body] GET https://firebase.googleapis.com/v1beta1/projects/portfolio-page-477315 {"projectId":"portfolio-page-477315","projectNumber":"1021576013555","displayName":"Portfolio page","name":"projects/portfolio-page-477315","resources":{"hostingSite":"portfolio-page-477315"},"state":"ACTIVE","etag":"1_e832361d-4a6a-4bec-9476-24273472d91f"}
[info] 
[info] === Deploying to 'portfolio-page-477315'...
[info] 
[info] i  deploying functions, hosting 
[debug] [2025-11-11T15:13:34.564Z] Checked if tokens are valid: true, expires at: 1762877511201
[debug] [2025-11-11T15:13:34.564Z] Checked if tokens are valid: true, expires at: 1762877511201
[debug] [2025-11-11T15:13:34.564Z] >>> [apiv2][query] GET https://cloudresourcemanager.googleapis.com/v1/projects/portfolio-page-477315 [none]
[debug] [2025-11-11T15:13:34.744Z] <<< [apiv2][status] GET https://cloudresourcemanager.googleapis.com/v1/projects/portfolio-page-477315 200
[debug] [2025-11-11T15:13:34.745Z] <<< [apiv2][body] GET https://cloudresourcemanager.googleapis.com/v1/projects/portfolio-page-477315 {"projectNumber":"1021576013555","projectId":"portfolio-page-477315","lifecycleState":"ACTIVE","name":"Portfolio page","labels":{"firebase":"enabled","firebase-core":"disabled"},"createTime":"2025-11-05T15:00:24.337030Z"}
[info] i  functions: preparing codebase default for deployment 
[info] i  functions: ensuring required API cloudfunctions.googleapis.com is enabled... 
[info] i  functions: ensuring required API cloudbuild.googleapis.com is enabled... 
[info] i  artifactregistry: ensuring required API artifactregistry.googleapis.com is enabled... 
[debug] [2025-11-11T15:13:34.751Z] Checked if tokens are valid: true, expires at: 1762877511201
[debug] [2025-11-11T15:13:34.751Z] Checked if tokens are valid: true, expires at: 1762877511201
[debug] [2025-11-11T15:13:34.751Z] >>> [apiv2][query] GET https://firebase.googleapis.com/v1beta1/projects/portfolio-page-477315/adminSdkConfig [none]
[debug] [2025-11-11T15:13:35.155Z] <<< [apiv2][status] GET https://firebase.googleapis.com/v1beta1/projects/portfolio-page-477315/adminSdkConfig 200
[debug] [2025-11-11T15:13:35.155Z] <<< [apiv2][body] GET https://firebase.googleapis.com/v1beta1/projects/portfolio-page-477315/adminSdkConfig {"projectId":"portfolio-page-477315","storageBucket":"portfolio-page-477315.firebasestorage.app"}
[debug] [2025-11-11T15:13:35.156Z] Checked if tokens are valid: true, expires at: 1762877511201
[debug] [2025-11-11T15:13:35.156Z] Checked if tokens are valid: true, expires at: 1762877511201
[debug] [2025-11-11T15:13:35.156Z] >>> [apiv2][query] GET https://runtimeconfig.googleapis.com/v1beta1/projects/portfolio-page-477315/configs [none]
[debug] [2025-11-11T15:13:36.084Z] <<< [apiv2][status] GET https://runtimeconfig.googleapis.com/v1beta1/projects/portfolio-page-477315/configs 200
[debug] [2025-11-11T15:13:36.084Z] <<< [apiv2][body] GET https://runtimeconfig.googleapis.com/v1beta1/projects/portfolio-page-477315/configs {}
[debug] [2025-11-11T15:13:36.086Z] Customer code is not Node
[debug] [2025-11-11T15:13:36.086Z] Validating python source
[debug] [2025-11-11T15:13:36.087Z] Building python source
[info] i  functions: Loading and analyzing source code for codebase default to determine what to deploy 
[debug] [2025-11-11T15:13:36.088Z] Could not find functions.yaml. Must use http discovery
[debug] [2025-11-11T15:13:36.101Z] Running command with virtualenv: command="C:\Users\BencsBalázs\Projects\bencsbalazs.github.io\backend\venv\Scripts\activate.bat", args=["","&&","python.exe","-c","\"import firebase_functions; import os; print(os.path.dirname(firebase_functions.__file__))\""]
[debug] [2025-11-11T15:13:36.514Z] stderr: Traceback (most recent call last):

[debug] [2025-11-11T15:13:36.517Z] stderr:   File "<string>", line 1, in <module>
    import firebase_functions; import os; print(os.path.dirname(firebase_functions.__file__))
    ^^^^^^^^^^^^^^^^^^^^^^^^^
ModuleNotFoundError: No module named 'firebase_functions'

[debug] [2025-11-11T15:13:36.617Z] Error: spawn "C:\Users\BencsBalázs\Projects\bencsbalazs.github.io\backend\venv\Scripts\activate.bat" ENOENT
    at notFoundError (C:\Users\BencsBalázs\AppData\Roaming\npm\node_modules\firebase-tools\node_modules\cross-spawn\lib\enoent.js:6:26)
    at verifyENOENT (C:\Users\BencsBalázs\AppData\Roaming\npm\node_modules\firebase-tools\node_modules\cross-spawn\lib\enoent.js:40:16)
    at cp.emit (C:\Users\BencsBalázs\AppData\Roaming\npm\node_modules\firebase-tools\node_modules\cross-spawn\lib\enoent.js:27:25)
    at ChildProcess._handle.onexit (node:internal/child_process:293:12)
[error] 
[error] Error: An unexpected error has occurred.
